0 info it worked if it ends with ok
1 verbose cli [ 'C:\\Program Files\\nodejs\\node.exe',
1 verbose cli   'C:\\Program Files\\nodejs\\node_modules\\npm\\bin\\npm-cli.js',
1 verbose cli   'start' ]
2 info using npm@3.10.10
3 info using node@v8.10.0
4 verbose run-script [ 'prestart', 'start', 'poststart' ]
5 info lifecycle cryptory@1.0.0~prestart: cryptory@1.0.0
6 silly lifecycle cryptory@1.0.0~prestart: no script for prestart, continuing
7 info lifecycle cryptory@1.0.0~start: cryptory@1.0.0
8 verbose lifecycle cryptory@1.0.0~start: unsafe-perm in lifecycle true
9 verbose lifecycle cryptory@1.0.0~start: PATH: C:\Program Files\nodejs\node_modules\npm\bin\node-gyp-bin;C:\Users\Malin\Documents\Interaktiv Medieteknik\Dynamiska Webben\Projekt\node_modules\.bin;C:\Program Files (x86)\NVIDIA Corporation\PhysX\Common;C:\ProgramData\Oracle\Java\javapath;C:\Program Files (x86)\AMD APP\bin\x86_64;C:\Program Files (x86)\AMD APP\bin\x86;C:\Windows\system32;C:\Windows;C:\Windows\System32\Wbem;C:\Windows\System32\WindowsPowerShell\v1.0\;C:\Program Files (x86)\Windows Live\Shared;C:\Program Files (x86)\ATI Technologies\ATI.ACE\Core-Static;C:\Users\Malin\AppData\Local\Smartbar\Application\;C:\Program Files\Calibre2\;C:\WINDOWS\system32;C:\WINDOWS;C:\WINDOWS\System32\Wbem;C:\WINDOWS\System32\WindowsPowerShell\v1.0\;C:\Program Files\Microsoft SQL Server\110\Tools\Binn\;C:\Program Files (x86)\AMD\ATI.ACE\Core-Static;C:\Program Files (x86)\GtkSharp\2.12\bin;C:\Program Files (x86)\dotnet\;C:\Program Files\Microsoft SQL Server\130\Tools\Binn\;C:\Program Files\dotnet\;C:\Program Files\MATLAB\R2017a\bin;C:\Program Files (x86)\Skype\Phone\;C:\Program Files (x86)\sbt\bin;C:\Program Files (x86)\Gow\bin;C:\Program Files (x86)\gnuplot\bin;C:\Program Files\nodejs\;C:\Program Files (x86)\Yarn\bin\;C:\Program Files\Git\cmd;C:\Users\Malin\Anaconda2\Scripts;C:\Program Files\Microsoft VS Code\bin; C:\Windows\System32;C:\Users\Malin\git\IrisTK;C:\Users\Malin\AppData\Roaming\npm;C:\Users\Malin\AppData\Local\Yarn\bin;C:\Program Files\Docker Toolbox
10 verbose lifecycle cryptory@1.0.0~start: CWD: C:\Users\Malin\Documents\Interaktiv Medieteknik\Dynamiska Webben\Projekt
11 silly lifecycle cryptory@1.0.0~start: Args: [ '/d /s /c', 'yarn build && node server.js' ]
12 silly lifecycle cryptory@1.0.0~start: Returned: code: 1  signal: null
13 info lifecycle cryptory@1.0.0~start: Failed to exec start script
14 verbose stack Error: cryptory@1.0.0 start: `yarn build && node server.js`
14 verbose stack Exit status 1
14 verbose stack     at EventEmitter.<anonymous> (C:\Program Files\nodejs\node_modules\npm\lib\utils\lifecycle.js:255:16)
14 verbose stack     at emitTwo (events.js:126:13)
14 verbose stack     at EventEmitter.emit (events.js:214:7)
14 verbose stack     at ChildProcess.<anonymous> (C:\Program Files\nodejs\node_modules\npm\lib\utils\spawn.js:40:14)
14 verbose stack     at emitTwo (events.js:126:13)
14 verbose stack     at ChildProcess.emit (events.js:214:7)
14 verbose stack     at maybeClose (internal/child_process.js:925:16)
14 verbose stack     at Process.ChildProcess._handle.onexit (internal/child_process.js:209:5)
15 verbose pkgid cryptory@1.0.0
16 verbose cwd C:\Users\Malin\Documents\Interaktiv Medieteknik\Dynamiska Webben\Projekt\src
17 error Windows_NT 6.3.9600
18 error argv "C:\\Program Files\\nodejs\\node.exe" "C:\\Program Files\\nodejs\\node_modules\\npm\\bin\\npm-cli.js" "start"
19 error node v8.10.0
20 error npm  v3.10.10
21 error code ELIFECYCLE
22 error cryptory@1.0.0 start: `yarn build && node server.js`
22 error Exit status 1
23 error Failed at the cryptory@1.0.0 start script 'yarn build && node server.js'.
23 error Make sure you have the latest version of node.js and npm installed.
23 error If you do, this is most likely a problem with the cryptory package,
23 error not with npm itself.
23 error Tell the author that this fails on your system:
23 error     yarn build && node server.js
23 error You can get information on how to open an issue for this project with:
23 error     npm bugs cryptory
23 error Or if that isn't available, you can get their info via:
23 error     npm owner ls cryptory
23 error There is likely additional logging output above.
24 verbose exit [ 1, true ]
